<?xml version="1.0" encoding="UTF-8"?>
<!-- Generated by org.testng.reporters.JUnitReportReporter -->
<testsuite hostname="DESKTOP-OLOHNL2" failures="0" tests="1" name="testCases.TC002_LoginTest" time="3.247" errors="0" timestamp="2024-09-01T16:11:02 IST" skipped="0">
  <testcase classname="testCases.TC002_LoginTest" name="verify_login" time="3.247"/>
</testsuite> <!-- testCases.TC002_LoginTest -->
